execve("./control", ["./control"], 0x7fffecaf3860 /* 27 vars */) = 0
brk(NULL)                               = 0x7fffd771c000
arch_prctl(0x3001 /* ARCH_??? */, 0x7fffe01c9c90) = -1 EINVAL (Invalid argument)
access("/etc/ld.so.preload", R_OK)      = -1 ENOENT (No such file or directory)
openat(AT_FDCWD, "/etc/ld.so.cache", O_RDONLY|O_CLOEXEC) = 3
fstat(3, {st_mode=S_IFREG|0644, st_size=73712, ...}) = 0
mmap(NULL, 73712, PROT_READ, MAP_PRIVATE, 3, 0) = 0x7ff64b7ce000
close(3)                                = 0
openat(AT_FDCWD, "/lib/x86_64-linux-gnu/libzmq.so.5", O_RDONLY|O_CLOEXEC) = 3
read(3, "\177ELF\2\1\1\0\0\0\0\0\0\0\0\0\3\0>\0\1\0\0\0`z\1\0\0\0\0\0"..., 832) = 832
fstat(3, {st_mode=S_IFREG|0644, st_size=675776, ...}) = 0
mmap(NULL, 8192, PROT_READ|PROT_WRITE, MAP_PRIVATE|MAP_ANONYMOUS, -1, 0) = 0x7ff64b810000
mmap(NULL, 678128, PROT_READ, MAP_PRIVATE|MAP_DENYWRITE, 3, 0) = 0x7ff64b720000
mmap(0x7ff64b736000, 430080, PROT_READ|PROT_EXEC, MAP_PRIVATE|MAP_FIXED|MAP_DENYWRITE, 3, 0x16000) = 0x7ff64b736000
mmap(0x7ff64b79f000, 126976, PROT_READ, MAP_PRIVATE|MAP_FIXED|MAP_DENYWRITE, 3, 0x7f000) = 0x7ff64b79f000
mmap(0x7ff64b7be000, 32768, PROT_READ|PROT_WRITE, MAP_PRIVATE|MAP_FIXED|MAP_DENYWRITE, 3, 0x9d000) = 0x7ff64b7be000
close(3)                                = 0
openat(AT_FDCWD, "/lib/x86_64-linux-gnu/libstdc++.so.6", O_RDONLY|O_CLOEXEC) = 3
read(3, "\177ELF\2\1\1\3\0\0\0\0\0\0\0\0\3\0>\0\1\0\0\0\240\341\t\0\0\0\0\0"..., 832) = 832
fstat(3, {st_mode=S_IFREG|0644, st_size=1952928, ...}) = 0
mmap(NULL, 1968128, PROT_READ, MAP_PRIVATE|MAP_DENYWRITE, 3, 0) = 0x7ff64b530000
mprotect(0x7ff64b5c6000, 1286144, PROT_NONE) = 0
mmap(0x7ff64b5c6000, 983040, PROT_READ|PROT_EXEC, MAP_PRIVATE|MAP_FIXED|MAP_DENYWRITE, 3, 0x96000) = 0x7ff64b5c6000
mmap(0x7ff64b6b6000, 299008, PROT_READ, MAP_PRIVATE|MAP_FIXED|MAP_DENYWRITE, 3, 0x186000) = 0x7ff64b6b6000
mmap(0x7ff64b700000, 57344, PROT_READ|PROT_WRITE, MAP_PRIVATE|MAP_FIXED|MAP_DENYWRITE, 3, 0x1cf000) = 0x7ff64b700000
mmap(0x7ff64b70e000, 10240, PROT_READ|PROT_WRITE, MAP_PRIVATE|MAP_FIXED|MAP_ANONYMOUS, -1, 0) = 0x7ff64b70e000
close(3)                                = 0
openat(AT_FDCWD, "/lib/x86_64-linux-gnu/libgcc_s.so.1", O_RDONLY|O_CLOEXEC) = 3
read(3, "\177ELF\2\1\1\0\0\0\0\0\0\0\0\0\3\0>\0\1\0\0\0\3405\0\0\0\0\0\0"..., 832) = 832
fstat(3, {st_mode=S_IFREG|0644, st_size=104984, ...}) = 0
mmap(NULL, 107592, PROT_READ, MAP_PRIVATE|MAP_DENYWRITE, 3, 0) = 0x7ff64b510000
mmap(0x7ff64b513000, 73728, PROT_READ|PROT_EXEC, MAP_PRIVATE|MAP_FIXED|MAP_DENYWRITE, 3, 0x3000) = 0x7ff64b513000
mmap(0x7ff64b525000, 16384, PROT_READ, MAP_PRIVATE|MAP_FIXED|MAP_DENYWRITE, 3, 0x15000) = 0x7ff64b525000
mmap(0x7ff64b529000, 8192, PROT_READ|PROT_WRITE, MAP_PRIVATE|MAP_FIXED|MAP_DENYWRITE, 3, 0x18000) = 0x7ff64b529000
close(3)                                = 0
openat(AT_FDCWD, "/lib/x86_64-linux-gnu/libc.so.6", O_RDONLY|O_CLOEXEC) = 3
read(3, "\177ELF\2\1\1\3\0\0\0\0\0\0\0\0\3\0>\0\1\0\0\0\360q\2\0\0\0\0\0"..., 832) = 832
pread64(3, "\6\0\0\0\4\0\0\0@\0\0\0\0\0\0\0@\0\0\0\0\0\0\0@\0\0\0\0\0\0\0"..., 784, 64) = 784
pread64(3, "\4\0\0\0\20\0\0\0\5\0\0\0GNU\0\2\0\0\300\4\0\0\0\3\0\0\0\0\0\0\0", 32, 848) = 32
pread64(3, "\4\0\0\0\24\0\0\0\3\0\0\0GNU\0\363\377?\332\200\270\27\304d\245n\355Y\377\t\334"..., 68, 880) = 68
fstat(3, {st_mode=S_IFREG|0755, st_size=2029224, ...}) = 0
pread64(3, "\6\0\0\0\4\0\0\0@\0\0\0\0\0\0\0@\0\0\0\0\0\0\0@\0\0\0\0\0\0\0"..., 784, 64) = 784
pread64(3, "\4\0\0\0\20\0\0\0\5\0\0\0GNU\0\2\0\0\300\4\0\0\0\3\0\0\0\0\0\0\0", 32, 848) = 32
pread64(3, "\4\0\0\0\24\0\0\0\3\0\0\0GNU\0\363\377?\332\200\270\27\304d\245n\355Y\377\t\334"..., 68, 880) = 68
mmap(NULL, 2036952, PROT_READ, MAP_PRIVATE|MAP_DENYWRITE, 3, 0) = 0x7ff64b310000
mprotect(0x7ff64b335000, 1847296, PROT_NONE) = 0
mmap(0x7ff64b335000, 1540096, PROT_READ|PROT_EXEC, MAP_PRIVATE|MAP_FIXED|MAP_DENYWRITE, 3, 0x25000) = 0x7ff64b335000
mmap(0x7ff64b4ad000, 303104, PROT_READ, MAP_PRIVATE|MAP_FIXED|MAP_DENYWRITE, 3, 0x19d000) = 0x7ff64b4ad000
mmap(0x7ff64b4f8000, 24576, PROT_READ|PROT_WRITE, MAP_PRIVATE|MAP_FIXED|MAP_DENYWRITE, 3, 0x1e7000) = 0x7ff64b4f8000
mmap(0x7ff64b4fe000, 13528, PROT_READ|PROT_WRITE, MAP_PRIVATE|MAP_FIXED|MAP_ANONYMOUS, -1, 0) = 0x7ff64b4fe000
close(3)                                = 0
openat(AT_FDCWD, "/lib/x86_64-linux-gnu/libsodium.so.23", O_RDONLY|O_CLOEXEC) = 3
read(3, "\177ELF\2\1\1\0\0\0\0\0\0\0\0\0\3\0>\0\1\0\0\0\200\302\0\0\0\0\0\0"..., 832) = 832
fstat(3, {st_mode=S_IFREG|0644, st_size=355016, ...}) = 0
mmap(NULL, 357384, PROT_READ, MAP_PRIVATE|MAP_DENYWRITE, 3, 0) = 0x7ff64b2b0000
mmap(0x7ff64b2bc000, 229376, PROT_READ|PROT_EXEC, MAP_PRIVATE|MAP_FIXED|MAP_DENYWRITE, 3, 0xc000) = 0x7ff64b2bc000
mmap(0x7ff64b2f4000, 73728, PROT_READ, MAP_PRIVATE|MAP_FIXED|MAP_DENYWRITE, 3, 0x44000) = 0x7ff64b2f4000
mmap(0x7ff64b306000, 8192, PROT_READ|PROT_WRITE, MAP_PRIVATE|MAP_FIXED|MAP_DENYWRITE, 3, 0x55000) = 0x7ff64b306000
close(3)                                = 0
openat(AT_FDCWD, "/lib/x86_64-linux-gnu/libpgm-5.2.so.0", O_RDONLY|O_CLOEXEC) = 3
read(3, "\177ELF\2\1\1\0\0\0\0\0\0\0\0\0\3\0>\0\1\0\0\0\240L\0\0\0\0\0\0"..., 832) = 832
fstat(3, {st_mode=S_IFREG|0644, st_size=302056, ...}) = 0
mmap(NULL, 321584, PROT_READ, MAP_PRIVATE|MAP_DENYWRITE, 3, 0) = 0x7ff64b260000
mmap(0x7ff64b264000, 163840, PROT_READ|PROT_EXEC, MAP_PRIVATE|MAP_FIXED|MAP_DENYWRITE, 3, 0x4000) = 0x7ff64b264000
mmap(0x7ff64b28c000, 118784, PROT_READ, MAP_PRIVATE|MAP_FIXED|MAP_DENYWRITE, 3, 0x2c000) = 0x7ff64b28c000
mmap(0x7ff64b2a9000, 8192, PROT_READ|PROT_WRITE, MAP_PRIVATE|MAP_FIXED|MAP_DENYWRITE, 3, 0x48000) = 0x7ff64b2a9000
mmap(0x7ff64b2ab000, 14384, PROT_READ|PROT_WRITE, MAP_PRIVATE|MAP_FIXED|MAP_ANONYMOUS, -1, 0) = 0x7ff64b2ab000
close(3)                                = 0
openat(AT_FDCWD, "/lib/x86_64-linux-gnu/libnorm.so.1", O_RDONLY|O_CLOEXEC) = 3
read(3, "\177ELF\2\1\1\0\0\0\0\0\0\0\0\0\3\0>\0\1\0\0\0\0\257\0\0\0\0\0\0"..., 832) = 832
fstat(3, {st_mode=S_IFREG|0644, st_size=690344, ...}) = 0
mmap(NULL, 8192, PROT_READ|PROT_WRITE, MAP_PRIVATE|MAP_ANONYMOUS, -1, 0) = 0x7ff64b250000
mmap(NULL, 1420000, PROT_READ, MAP_PRIVATE|MAP_DENYWRITE, 3, 0) = 0x7ff64b0f0000
mmap(0x7ff64b0fa000, 421888, PROT_READ|PROT_EXEC, MAP_PRIVATE|MAP_FIXED|MAP_DENYWRITE, 3, 0xa000) = 0x7ff64b0fa000
mmap(0x7ff64b161000, 217088, PROT_READ, MAP_PRIVATE|MAP_FIXED|MAP_DENYWRITE, 3, 0x71000) = 0x7ff64b161000
mmap(0x7ff64b196000, 16384, PROT_READ|PROT_WRITE, MAP_PRIVATE|MAP_FIXED|MAP_DENYWRITE, 3, 0xa5000) = 0x7ff64b196000
mmap(0x7ff64b19a000, 723680, PROT_READ|PROT_WRITE, MAP_PRIVATE|MAP_FIXED|MAP_ANONYMOUS, -1, 0) = 0x7ff64b19a000
close(3)                                = 0
openat(AT_FDCWD, "/lib/x86_64-linux-gnu/libgssapi_krb5.so.2", O_RDONLY|O_CLOEXEC) = 3
read(3, "\177ELF\2\1\1\0\0\0\0\0\0\0\0\0\3\0>\0\1\0\0\0P\321\0\0\0\0\0\0"..., 832) = 832
fstat(3, {st_mode=S_IFREG|0644, st_size=309712, ...}) = 0
mmap(NULL, 312128, PROT_READ, MAP_PRIVATE|MAP_DENYWRITE, 3, 0) = 0x7ff64b0a0000
mmap(0x7ff64b0ab000, 204800, PROT_READ|PROT_EXEC, MAP_PRIVATE|MAP_FIXED|MAP_DENYWRITE, 3, 0xb000) = 0x7ff64b0ab000
mmap(0x7ff64b0dd000, 49152, PROT_READ, MAP_PRIVATE|MAP_FIXED|MAP_DENYWRITE, 3, 0x3d000) = 0x7ff64b0dd000
mmap(0x7ff64b0e9000, 16384, PROT_READ|PROT_WRITE, MAP_PRIVATE|MAP_FIXED|MAP_DENYWRITE, 3, 0x48000) = 0x7ff64b0e9000
close(3)                                = 0
openat(AT_FDCWD, "/lib/x86_64-linux-gnu/libpthread.so.0", O_RDONLY|O_CLOEXEC) = 3
read(3, "\177ELF\2\1\1\0\0\0\0\0\0\0\0\0\3\0>\0\1\0\0\0\220\201\0\0\0\0\0\0"..., 832) = 832
pread64(3, "\4\0\0\0\24\0\0\0\3\0\0\0GNU\0O\305\3743\364B\2216\244\224\306@\261\23\327o"..., 68, 824) = 68
fstat(3, {st_mode=S_IFREG|0755, st_size=157224, ...}) = 0
pread64(3, "\4\0\0\0\24\0\0\0\3\0\0\0GNU\0O\305\3743\364B\2216\244\224\306@\261\23\327o"..., 68, 824) = 68
mmap(NULL, 140408, PROT_READ, MAP_PRIVATE|MAP_DENYWRITE, 3, 0) = 0x7ff64b07d000
mmap(0x7ff64b084000, 69632, PROT_READ|PROT_EXEC, MAP_PRIVATE|MAP_FIXED|MAP_DENYWRITE, 3, 0x7000) = 0x7ff64b084000
mmap(0x7ff64b095000, 20480, PROT_READ, MAP_PRIVATE|MAP_FIXED|MAP_DENYWRITE, 3, 0x18000) = 0x7ff64b095000
mmap(0x7ff64b09a000, 8192, PROT_READ|PROT_WRITE, MAP_PRIVATE|MAP_FIXED|MAP_DENYWRITE, 3, 0x1c000) = 0x7ff64b09a000
mmap(0x7ff64b09c000, 13432, PROT_READ|PROT_WRITE, MAP_PRIVATE|MAP_FIXED|MAP_ANONYMOUS, -1, 0) = 0x7ff64b09c000
close(3)                                = 0
openat(AT_FDCWD, "/lib/x86_64-linux-gnu/libm.so.6", O_RDONLY|O_CLOEXEC) = 3
read(3, "\177ELF\2\1\1\3\0\0\0\0\0\0\0\0\3\0>\0\1\0\0\0\300\363\0\0\0\0\0\0"..., 832) = 832
fstat(3, {st_mode=S_IFREG|0644, st_size=1369352, ...}) = 0
mmap(NULL, 1368336, PROT_READ, MAP_PRIVATE|MAP_DENYWRITE, 3, 0) = 0x7ff64af2e000
mmap(0x7ff64af3d000, 684032, PROT_READ|PROT_EXEC, MAP_PRIVATE|MAP_FIXED|MAP_DENYWRITE, 3, 0xf000) = 0x7ff64af3d000
mmap(0x7ff64afe4000, 618496, PROT_READ, MAP_PRIVATE|MAP_FIXED|MAP_DENYWRITE, 3, 0xb6000) = 0x7ff64afe4000
mmap(0x7ff64b07b000, 8192, PROT_READ|PROT_WRITE, MAP_PRIVATE|MAP_FIXED|MAP_DENYWRITE, 3, 0x14c000) = 0x7ff64b07b000
close(3)                                = 0
openat(AT_FDCWD, "/lib/x86_64-linux-gnu/libkrb5.so.3", O_RDONLY|O_CLOEXEC) = 3
read(3, "\177ELF\2\1\1\0\0\0\0\0\0\0\0\0\3\0>\0\1\0\0\0 ?\2\0\0\0\0\0"..., 832) = 832
fstat(3, {st_mode=S_IFREG|0644, st_size=902016, ...}) = 0
mmap(NULL, 904640, PROT_READ, MAP_PRIVATE|MAP_DENYWRITE, 3, 0) = 0x7ff64ae50000
mprotect(0x7ff64ae72000, 700416, PROT_NONE) = 0
mmap(0x7ff64ae72000, 397312, PROT_READ|PROT_EXEC, MAP_PRIVATE|MAP_FIXED|MAP_DENYWRITE, 3, 0x22000) = 0x7ff64ae72000
mmap(0x7ff64aed3000, 299008, PROT_READ, MAP_PRIVATE|MAP_FIXED|MAP_DENYWRITE, 3, 0x83000) = 0x7ff64aed3000
mmap(0x7ff64af1d000, 65536, PROT_READ|PROT_WRITE, MAP_PRIVATE|MAP_FIXED|MAP_DENYWRITE, 3, 0xcc000) = 0x7ff64af1d000
close(3)                                = 0
openat(AT_FDCWD, "/lib/x86_64-linux-gnu/libk5crypto.so.3", O_RDONLY|O_CLOEXEC) = 3
read(3, "\177ELF\2\1\1\0\0\0\0\0\0\0\0\0\3\0>\0\1\0\0\0\240D\0\0\0\0\0\0"..., 832) = 832
fstat(3, {st_mode=S_IFREG|0644, st_size=191040, ...}) = 0
mmap(NULL, 8192, PROT_READ|PROT_WRITE, MAP_PRIVATE|MAP_ANONYMOUS, -1, 0) = 0x7ff64ae40000
mmap(NULL, 196696, PROT_READ, MAP_PRIVATE|MAP_DENYWRITE, 3, 0) = 0x7ff64ae00000
mprotect(0x7ff64ae04000, 172032, PROT_NONE) = 0
mmap(0x7ff64ae04000, 114688, PROT_READ|PROT_EXEC, MAP_PRIVATE|MAP_FIXED|MAP_DENYWRITE, 3, 0x4000) = 0x7ff64ae04000
mmap(0x7ff64ae20000, 53248, PROT_READ, MAP_PRIVATE|MAP_FIXED|MAP_DENYWRITE, 3, 0x20000) = 0x7ff64ae20000
mmap(0x7ff64ae2e000, 8192, PROT_READ|PROT_WRITE, MAP_PRIVATE|MAP_FIXED|MAP_DENYWRITE, 3, 0x2d000) = 0x7ff64ae2e000
mmap(0x7ff64ae30000, 88, PROT_READ|PROT_WRITE, MAP_PRIVATE|MAP_FIXED|MAP_ANONYMOUS, -1, 0) = 0x7ff64ae30000
close(3)                                = 0
openat(AT_FDCWD, "/lib/x86_64-linux-gnu/libcom_err.so.2", O_RDONLY|O_CLOEXEC) = 3
read(3, "\177ELF\2\1\1\0\0\0\0\0\0\0\0\0\3\0>\0\1\0\0\0\200$\0\0\0\0\0\0"..., 832) = 832
fstat(3, {st_mode=S_IFREG|0644, st_size=22600, ...}) = 0
mmap(NULL, 24744, PROT_READ, MAP_PRIVATE|MAP_DENYWRITE, 3, 0) = 0x7ff64adf0000
mmap(0x7ff64adf2000, 8192, PROT_READ|PROT_EXEC, MAP_PRIVATE|MAP_FIXED|MAP_DENYWRITE, 3, 0x2000) = 0x7ff64adf2000
mmap(0x7ff64adf4000, 4096, PROT_READ, MAP_PRIVATE|MAP_FIXED|MAP_DENYWRITE, 3, 0x4000) = 0x7ff64adf4000
mmap(0x7ff64adf5000, 8192, PROT_READ|PROT_WRITE, MAP_PRIVATE|MAP_FIXED|MAP_DENYWRITE, 3, 0x4000) = 0x7ff64adf5000
close(3)                                = 0
openat(AT_FDCWD, "/lib/x86_64-linux-gnu/libkrb5support.so.0", O_RDONLY|O_CLOEXEC) = 3
read(3, "\177ELF\2\1\1\0\0\0\0\0\0\0\0\0\3\0>\0\1\0\0\0\3605\0\0\0\0\0\0"..., 832) = 832
fstat(3, {st_mode=S_IFREG|0644, st_size=56096, ...}) = 0
mmap(NULL, 58344, PROT_READ, MAP_PRIVATE|MAP_DENYWRITE, 3, 0) = 0x7ff64ade0000
mmap(0x7ff64ade3000, 28672, PROT_READ|PROT_EXEC, MAP_PRIVATE|MAP_FIXED|MAP_DENYWRITE, 3, 0x3000) = 0x7ff64ade3000
mmap(0x7ff64adea000, 12288, PROT_READ, MAP_PRIVATE|MAP_FIXED|MAP_DENYWRITE, 3, 0xa000) = 0x7ff64adea000
mmap(0x7ff64aded000, 8192, PROT_READ|PROT_WRITE, MAP_PRIVATE|MAP_FIXED|MAP_DENYWRITE, 3, 0xc000) = 0x7ff64aded000
close(3)                                = 0
openat(AT_FDCWD, "/lib/x86_64-linux-gnu/libkeyutils.so.1", O_RDONLY|O_CLOEXEC) = 3
read(3, "\177ELF\2\1\1\0\0\0\0\0\0\0\0\0\3\0>\0\1\0\0\0@\"\0\0\0\0\0\0"..., 832) = 832
fstat(3, {st_mode=S_IFREG|0644, st_size=22600, ...}) = 0
mmap(NULL, 24592, PROT_READ, MAP_PRIVATE|MAP_DENYWRITE, 3, 0) = 0x7ff64add0000
mmap(0x7ff64add2000, 8192, PROT_READ|PROT_EXEC, MAP_PRIVATE|MAP_FIXED|MAP_DENYWRITE, 3, 0x2000) = 0x7ff64add2000
mmap(0x7ff64add4000, 4096, PROT_READ, MAP_PRIVATE|MAP_FIXED|MAP_DENYWRITE, 3, 0x4000) = 0x7ff64add4000
mmap(0x7ff64add5000, 8192, PROT_READ|PROT_WRITE, MAP_PRIVATE|MAP_FIXED|MAP_DENYWRITE, 3, 0x4000) = 0x7ff64add5000
close(3)                                = 0
openat(AT_FDCWD, "/lib/x86_64-linux-gnu/libresolv.so.2", O_RDONLY|O_CLOEXEC) = 3
read(3, "\177ELF\2\1\1\0\0\0\0\0\0\0\0\0\3\0>\0\1\0\0\0 G\0\0\0\0\0\0"..., 832) = 832
fstat(3, {st_mode=S_IFREG|0644, st_size=101320, ...}) = 0
mmap(NULL, 113280, PROT_READ, MAP_PRIVATE|MAP_DENYWRITE, 3, 0) = 0x7ff64adb0000
mprotect(0x7ff64adb4000, 81920, PROT_NONE) = 0
mmap(0x7ff64adb4000, 65536, PROT_READ|PROT_EXEC, MAP_PRIVATE|MAP_FIXED|MAP_DENYWRITE, 3, 0x4000) = 0x7ff64adb4000
mmap(0x7ff64adc4000, 12288, PROT_READ, MAP_PRIVATE|MAP_FIXED|MAP_DENYWRITE, 3, 0x14000) = 0x7ff64adc4000
mmap(0x7ff64adc8000, 8192, PROT_READ|PROT_WRITE, MAP_PRIVATE|MAP_FIXED|MAP_DENYWRITE, 3, 0x17000) = 0x7ff64adc8000
mmap(0x7ff64adca000, 6784, PROT_READ|PROT_WRITE, MAP_PRIVATE|MAP_FIXED|MAP_ANONYMOUS, -1, 0) = 0x7ff64adca000
close(3)                                = 0
openat(AT_FDCWD, "/lib/x86_64-linux-gnu/libdl.so.2", O_RDONLY|O_CLOEXEC) = 3
read(3, "\177ELF\2\1\1\0\0\0\0\0\0\0\0\0\3\0>\0\1\0\0\0 \22\0\0\0\0\0\0"..., 832) = 832
fstat(3, {st_mode=S_IFREG|0644, st_size=18816, ...}) = 0
mmap(NULL, 8192, PROT_READ|PROT_WRITE, MAP_PRIVATE|MAP_ANONYMOUS, -1, 0) = 0x7ff64ada0000
mmap(NULL, 20752, PROT_READ, MAP_PRIVATE|MAP_DENYWRITE, 3, 0) = 0x7ff64ad90000
mmap(0x7ff64ad91000, 8192, PROT_READ|PROT_EXEC, MAP_PRIVATE|MAP_FIXED|MAP_DENYWRITE, 3, 0x1000) = 0x7ff64ad91000
mmap(0x7ff64ad93000, 4096, PROT_READ, MAP_PRIVATE|MAP_FIXED|MAP_DENYWRITE, 3, 0x3000) = 0x7ff64ad93000
mmap(0x7ff64ad94000, 8192, PROT_READ|PROT_WRITE, MAP_PRIVATE|MAP_FIXED|MAP_DENYWRITE, 3, 0x3000) = 0x7ff64ad94000
close(3)                                = 0
mmap(NULL, 8192, PROT_READ|PROT_WRITE, MAP_PRIVATE|MAP_ANONYMOUS, -1, 0) = 0x7ff64ad80000
mmap(NULL, 8192, PROT_READ|PROT_WRITE, MAP_PRIVATE|MAP_ANONYMOUS, -1, 0) = 0x7ff64ad70000
arch_prctl(ARCH_SET_FS, 0x7ff64ad81600) = 0
mprotect(0x7ff64b4f8000, 12288, PROT_READ) = 0
mprotect(0x7ff64ad94000, 4096, PROT_READ) = 0
mprotect(0x7ff64adc8000, 4096, PROT_READ) = 0
mprotect(0x7ff64add5000, 4096, PROT_READ) = 0
mprotect(0x7ff64aded000, 4096, PROT_READ) = 0
mprotect(0x7ff64b09a000, 4096, PROT_READ) = 0
mprotect(0x7ff64adf5000, 4096, PROT_READ) = 0
mprotect(0x7ff64ae2e000, 4096, PROT_READ) = 0
mprotect(0x7ff64af1d000, 57344, PROT_READ) = 0
mprotect(0x7ff64b07b000, 4096, PROT_READ) = 0
mprotect(0x7ff64b0e9000, 8192, PROT_READ) = 0
mprotect(0x7ff64b529000, 4096, PROT_READ) = 0
mprotect(0x7ff64b700000, 45056, PROT_READ) = 0
mprotect(0x7ff64b196000, 12288, PROT_READ) = 0
mprotect(0x7ff64b2a9000, 4096, PROT_READ) = 0
mprotect(0x7ff64b306000, 4096, PROT_READ) = 0
mprotect(0x7ff64b7be000, 28672, PROT_READ) = 0
mprotect(0x7ff64b824000, 4096, PROT_READ) = 0
mprotect(0x7ff64b80d000, 4096, PROT_READ) = 0
munmap(0x7ff64b7ce000, 73712)           = 0
set_tid_address(0x7ff64ad818d0)         = 1631
set_robust_list(0x7ff64ad818e0, 24)     = 0
rt_sigaction(SIGRTMIN, {sa_handler=0x7ff64b084bf0, sa_mask=[], sa_flags=SA_RESTORER|SA_SIGINFO, sa_restorer=0x7ff64b0923c0}, NULL, 8) = 0
rt_sigaction(SIGRT_1, {sa_handler=0x7ff64b084c90, sa_mask=[], sa_flags=SA_RESTORER|SA_RESTART|SA_SIGINFO, sa_restorer=0x7ff64b0923c0}, NULL, 8) = 0
rt_sigprocmask(SIG_UNBLOCK, [RTMIN RT_1], NULL, 8) = 0
prlimit64(0, RLIMIT_STACK, NULL, {rlim_cur=8192*1024, rlim_max=8192*1024}) = 0
brk(NULL)                               = 0x7fffd771c000
brk(0x7fffd773d000)                     = 0x7fffd773d000
gettimeofday({tv_sec=1613748290, tv_usec=209487}, {tz_minuteswest=0, tz_dsttime=0}) = 0
futex(0x7ff64b70e6bc, FUTEX_WAKE_PRIVATE, 2147483647) = 0
futex(0x7ff64b70e6c8, FUTEX_WAKE_PRIVATE, 2147483647) = 0
clock_gettime(CLOCK_REALTIME_COARSE, {tv_sec=1613748290, tv_nsec=209499900}) = 0
openat(AT_FDCWD, "/sys/devices/system/cpu/online", O_RDONLY|O_CLOEXEC) = 3
read(3, "0-3\n", 8192)                  = 4
close(3)                                = 0
openat(AT_FDCWD, "/sys/devices/system/cpu", O_RDONLY|O_NONBLOCK|O_CLOEXEC|O_DIRECTORY) = 3
fstat(3, {st_mode=S_IFDIR|0755, st_size=0, ...}) = 0
getdents64(3, /* 9 entries */, 32768)   = 240
getdents64(3, /* 0 entries */, 32768)   = 0
close(3)                                = 0
getpid()                                = 1631
sched_getaffinity(1631, 128, [0, 1, 2, 3]) = 64
openat(AT_FDCWD, "/etc/nsswitch.conf", O_RDONLY|O_CLOEXEC) = 3
fstat(3, {st_mode=S_IFREG|0644, st_size=542, ...}) = 0
read(3, "# /etc/nsswitch.conf\n#\n# Example"..., 4096) = 542
read(3, "", 4096)                       = 0
close(3)                                = 0
openat(AT_FDCWD, "/etc/ld.so.cache", O_RDONLY|O_CLOEXEC) = 3
fstat(3, {st_mode=S_IFREG|0644, st_size=73712, ...}) = 0
mmap(NULL, 73712, PROT_READ, MAP_PRIVATE, 3, 0) = 0x7ff64b7ce000
close(3)                                = 0
openat(AT_FDCWD, "/lib/x86_64-linux-gnu/tls/haswell/x86_64/libnss_db.so.2", O_RDONLY|O_CLOEXEC) = -1 ENOENT (No such file or directory)
stat("/lib/x86_64-linux-gnu/tls/haswell/x86_64", 0x7fffe01c6d20) = -1 ENOENT (No such file or directory)
openat(AT_FDCWD, "/lib/x86_64-linux-gnu/tls/haswell/libnss_db.so.2", O_RDONLY|O_CLOEXEC) = -1 ENOENT (No such file or directory)
stat("/lib/x86_64-linux-gnu/tls/haswell", 0x7fffe01c6d20) = -1 ENOENT (No such file or directory)
openat(AT_FDCWD, "/lib/x86_64-linux-gnu/tls/x86_64/libnss_db.so.2", O_RDONLY|O_CLOEXEC) = -1 ENOENT (No such file or directory)
stat("/lib/x86_64-linux-gnu/tls/x86_64", 0x7fffe01c6d20) = -1 ENOENT (No such file or directory)
openat(AT_FDCWD, "/lib/x86_64-linux-gnu/tls/libnss_db.so.2", O_RDONLY|O_CLOEXEC) = -1 ENOENT (No such file or directory)
stat("/lib/x86_64-linux-gnu/tls", 0x7fffe01c6d20) = -1 ENOENT (No such file or directory)
openat(AT_FDCWD, "/lib/x86_64-linux-gnu/haswell/x86_64/libnss_db.so.2", O_RDONLY|O_CLOEXEC) = -1 ENOENT (No such file or directory)
stat("/lib/x86_64-linux-gnu/haswell/x86_64", 0x7fffe01c6d20) = -1 ENOENT (No such file or directory)
openat(AT_FDCWD, "/lib/x86_64-linux-gnu/haswell/libnss_db.so.2", O_RDONLY|O_CLOEXEC) = -1 ENOENT (No such file or directory)
stat("/lib/x86_64-linux-gnu/haswell", 0x7fffe01c6d20) = -1 ENOENT (No such file or directory)
openat(AT_FDCWD, "/lib/x86_64-linux-gnu/x86_64/libnss_db.so.2", O_RDONLY|O_CLOEXEC) = -1 ENOENT (No such file or directory)
stat("/lib/x86_64-linux-gnu/x86_64", 0x7fffe01c6d20) = -1 ENOENT (No such file or directory)
openat(AT_FDCWD, "/lib/x86_64-linux-gnu/libnss_db.so.2", O_RDONLY|O_CLOEXEC) = -1 ENOENT (No such file or directory)
stat("/lib/x86_64-linux-gnu", {st_mode=S_IFDIR|0755, st_size=4096, ...}) = 0
openat(AT_FDCWD, "/usr/lib/x86_64-linux-gnu/tls/haswell/x86_64/libnss_db.so.2", O_RDONLY|O_CLOEXEC) = -1 ENOENT (No such file or directory)
stat("/usr/lib/x86_64-linux-gnu/tls/haswell/x86_64", 0x7fffe01c6d20) = -1 ENOENT (No such file or directory)
openat(AT_FDCWD, "/usr/lib/x86_64-linux-gnu/tls/haswell/libnss_db.so.2", O_RDONLY|O_CLOEXEC) = -1 ENOENT (No such file or directory)
stat("/usr/lib/x86_64-linux-gnu/tls/haswell", 0x7fffe01c6d20) = -1 ENOENT (No such file or directory)
openat(AT_FDCWD, "/usr/lib/x86_64-linux-gnu/tls/x86_64/libnss_db.so.2", O_RDONLY|O_CLOEXEC) = -1 ENOENT (No such file or directory)
stat("/usr/lib/x86_64-linux-gnu/tls/x86_64", 0x7fffe01c6d20) = -1 ENOENT (No such file or directory)
openat(AT_FDCWD, "/usr/lib/x86_64-linux-gnu/tls/libnss_db.so.2", O_RDONLY|O_CLOEXEC) = -1 ENOENT (No such file or directory)
stat("/usr/lib/x86_64-linux-gnu/tls", 0x7fffe01c6d20) = -1 ENOENT (No such file or directory)
openat(AT_FDCWD, "/usr/lib/x86_64-linux-gnu/haswell/x86_64/libnss_db.so.2", O_RDONLY|O_CLOEXEC) = -1 ENOENT (No such file or directory)
stat("/usr/lib/x86_64-linux-gnu/haswell/x86_64", 0x7fffe01c6d20) = -1 ENOENT (No such file or directory)
openat(AT_FDCWD, "/usr/lib/x86_64-linux-gnu/haswell/libnss_db.so.2", O_RDONLY|O_CLOEXEC) = -1 ENOENT (No such file or directory)
stat("/usr/lib/x86_64-linux-gnu/haswell", 0x7fffe01c6d20) = -1 ENOENT (No such file or directory)
openat(AT_FDCWD, "/usr/lib/x86_64-linux-gnu/x86_64/libnss_db.so.2", O_RDONLY|O_CLOEXEC) = -1 ENOENT (No such file or directory)
stat("/usr/lib/x86_64-linux-gnu/x86_64", 0x7fffe01c6d20) = -1 ENOENT (No such file or directory)
openat(AT_FDCWD, "/usr/lib/x86_64-linux-gnu/libnss_db.so.2", O_RDONLY|O_CLOEXEC) = -1 ENOENT (No such file or directory)
stat("/usr/lib/x86_64-linux-gnu", {st_mode=S_IFDIR|0755, st_size=4096, ...}) = 0
openat(AT_FDCWD, "/lib/tls/haswell/x86_64/libnss_db.so.2", O_RDONLY|O_CLOEXEC) = -1 ENOENT (No such file or directory)
stat("/lib/tls/haswell/x86_64", 0x7fffe01c6d20) = -1 ENOENT (No such file or directory)
openat(AT_FDCWD, "/lib/tls/haswell/libnss_db.so.2", O_RDONLY|O_CLOEXEC) = -1 ENOENT (No such file or directory)
stat("/lib/tls/haswell", 0x7fffe01c6d20) = -1 ENOENT (No such file or directory)
openat(AT_FDCWD, "/lib/tls/x86_64/libnss_db.so.2", O_RDONLY|O_CLOEXEC) = -1 ENOENT (No such file or directory)
stat("/lib/tls/x86_64", 0x7fffe01c6d20) = -1 ENOENT (No such file or directory)
openat(AT_FDCWD, "/lib/tls/libnss_db.so.2", O_RDONLY|O_CLOEXEC) = -1 ENOENT (No such file or directory)
stat("/lib/tls", 0x7fffe01c6d20)        = -1 ENOENT (No such file or directory)
openat(AT_FDCWD, "/lib/haswell/x86_64/libnss_db.so.2", O_RDONLY|O_CLOEXEC) = -1 ENOENT (No such file or directory)
stat("/lib/haswell/x86_64", 0x7fffe01c6d20) = -1 ENOENT (No such file or directory)
openat(AT_FDCWD, "/lib/haswell/libnss_db.so.2", O_RDONLY|O_CLOEXEC) = -1 ENOENT (No such file or directory)
stat("/lib/haswell", 0x7fffe01c6d20)    = -1 ENOENT (No such file or directory)
openat(AT_FDCWD, "/lib/x86_64/libnss_db.so.2", O_RDONLY|O_CLOEXEC) = -1 ENOENT (No such file or directory)
stat("/lib/x86_64", 0x7fffe01c6d20)     = -1 ENOENT (No such file or directory)
openat(AT_FDCWD, "/lib/libnss_db.so.2", O_RDONLY|O_CLOEXEC) = -1 ENOENT (No such file or directory)
stat("/lib", {st_mode=S_IFDIR|0755, st_size=4096, ...}) = 0
openat(AT_FDCWD, "/usr/lib/tls/haswell/x86_64/libnss_db.so.2", O_RDONLY|O_CLOEXEC) = -1 ENOENT (No such file or directory)
stat("/usr/lib/tls/haswell/x86_64", 0x7fffe01c6d20) = -1 ENOENT (No such file or directory)
openat(AT_FDCWD, "/usr/lib/tls/haswell/libnss_db.so.2", O_RDONLY|O_CLOEXEC) = -1 ENOENT (No such file or directory)
stat("/usr/lib/tls/haswell", 0x7fffe01c6d20) = -1 ENOENT (No such file or directory)
openat(AT_FDCWD, "/usr/lib/tls/x86_64/libnss_db.so.2", O_RDONLY|O_CLOEXEC) = -1 ENOENT (No such file or directory)
stat("/usr/lib/tls/x86_64", 0x7fffe01c6d20) = -1 ENOENT (No such file or directory)
openat(AT_FDCWD, "/usr/lib/tls/libnss_db.so.2", O_RDONLY|O_CLOEXEC) = -1 ENOENT (No such file or directory)
stat("/usr/lib/tls", 0x7fffe01c6d20)    = -1 ENOENT (No such file or directory)
openat(AT_FDCWD, "/usr/lib/haswell/x86_64/libnss_db.so.2", O_RDONLY|O_CLOEXEC) = -1 ENOENT (No such file or directory)
stat("/usr/lib/haswell/x86_64", 0x7fffe01c6d20) = -1 ENOENT (No such file or directory)
openat(AT_FDCWD, "/usr/lib/haswell/libnss_db.so.2", O_RDONLY|O_CLOEXEC) = -1 ENOENT (No such file or directory)
stat("/usr/lib/haswell", 0x7fffe01c6d20) = -1 ENOENT (No such file or directory)
openat(AT_FDCWD, "/usr/lib/x86_64/libnss_db.so.2", O_RDONLY|O_CLOEXEC) = -1 ENOENT (No such file or directory)
stat("/usr/lib/x86_64", 0x7fffe01c6d20) = -1 ENOENT (No such file or directory)
openat(AT_FDCWD, "/usr/lib/libnss_db.so.2", O_RDONLY|O_CLOEXEC) = -1 ENOENT (No such file or directory)
stat("/usr/lib", {st_mode=S_IFDIR|0755, st_size=4096, ...}) = 0
munmap(0x7ff64b7ce000, 73712)           = 0
openat(AT_FDCWD, "/etc/ld.so.cache", O_RDONLY|O_CLOEXEC) = 3
fstat(3, {st_mode=S_IFREG|0644, st_size=73712, ...}) = 0
mmap(NULL, 73712, PROT_READ, MAP_PRIVATE, 3, 0) = 0x7ff64b7ce000
close(3)                                = 0
openat(AT_FDCWD, "/lib/x86_64-linux-gnu/libnss_files.so.2", O_RDONLY|O_CLOEXEC) = 3
read(3, "\177ELF\2\1\1\0\0\0\0\0\0\0\0\0\3\0>\0\1\0\0\0\3005\0\0\0\0\0\0"..., 832) = 832
fstat(3, {st_mode=S_IFREG|0644, st_size=51832, ...}) = 0
mmap(NULL, 79672, PROT_READ, MAP_PRIVATE|MAP_DENYWRITE, 3, 0) = 0x7ff64ad50000
mmap(0x7ff64ad53000, 28672, PROT_READ|PROT_EXEC, MAP_PRIVATE|MAP_FIXED|MAP_DENYWRITE, 3, 0x3000) = 0x7ff64ad53000
mmap(0x7ff64ad5a000, 8192, PROT_READ, MAP_PRIVATE|MAP_FIXED|MAP_DENYWRITE, 3, 0xa000) = 0x7ff64ad5a000
mmap(0x7ff64ad5c000, 8192, PROT_READ|PROT_WRITE, MAP_PRIVATE|MAP_FIXED|MAP_DENYWRITE, 3, 0xb000) = 0x7ff64ad5c000
mmap(0x7ff64ad5e000, 22328, PROT_READ|PROT_WRITE, MAP_PRIVATE|MAP_FIXED|MAP_ANONYMOUS, -1, 0) = 0x7ff64ad5e000
close(3)                                = 0
mprotect(0x7ff64ad5c000, 4096, PROT_READ) = 0
munmap(0x7ff64b7ce000, 73712)           = 0
openat(AT_FDCWD, "/etc/protocols", O_RDONLY|O_CLOEXEC) = 3
lseek(3, 0, SEEK_CUR)                   = 0
fstat(3, {st_mode=S_IFREG|0644, st_size=2932, ...}) = 0
read(3, "# Internet (IP) protocols\n#\n# Up"..., 4096) = 2932
lseek(3, 0, SEEK_CUR)                   = 2932
read(3, "", 4096)                       = 0
close(3)                                = 0
gettimeofday({tv_sec=1613748290, tv_usec=224293}, NULL) = 0
eventfd2(0, EFD_CLOEXEC)                = 3
fcntl(3, F_GETFL)                       = 0x2 (flags O_RDWR)
fcntl(3, F_SETFL, O_RDWR|O_NONBLOCK)    = 0
fcntl(3, F_GETFL)                       = 0x802 (flags O_RDWR|O_NONBLOCK)
fcntl(3, F_SETFL, O_RDWR|O_NONBLOCK)    = 0
getrandom("\xf1\x6a\x0a\x81\xac\xee\xbc\x65\xa9\xc1\x68\xb3\x80\xec\x35\xb3", 16, 0) = 16
getrandom("\x8e\x91\xfa\x5e\xf3\xad\xf0\x3c\x82\xb8\x21\xa3\x70\xb9\xf4\x08", 16, 0) = 16
fstat(0, {st_mode=S_IFCHR|0620, st_rdev=makedev(0x88, 0), ...}) = 0
read(0, "create 5 -1\n", 1024)          = 12
clone(child_stack=NULL, flags=CLONE_CHILD_CLEARTID|CLONE_CHILD_SETTID|SIGCHLD, child_tidptr=0x7ff64ad818d0) = 1660
eventfd2(0, EFD_CLOEXEC)                = 4
fcntl(4, F_GETFL)                       = 0x2 (flags O_RDWR)
fcntl(4, F_SETFL, O_RDWR|O_NONBLOCK)    = 0
fcntl(4, F_GETFL)                       = 0x802 (flags O_RDWR|O_NONBLOCK)
fcntl(4, F_SETFL, O_RDWR|O_NONBLOCK)    = 0
clock_gettime(CLOCK_MONOTONIC, {tv_sec=4070, tv_nsec=710861500}) = 0
epoll_create1(EPOLL_CLOEXEC)            = 5
epoll_ctl(5, EPOLL_CTL_ADD, 4, {0, {u32=3614632640, u64=140736808020672}}) = 0
epoll_ctl(5, EPOLL_CTL_MOD, 4, {EPOLLIN, {u32=3614632640, u64=140736808020672}}) = 0
mmap(NULL, 8392704, PROT_NONE, MAP_PRIVATE|MAP_ANONYMOUS|MAP_STACK, -1, 0) = 0x7ff64a540000
mprotect(0x7ff64a541000, 8388608, PROT_READ|PROT_WRITE) = 0
clone(child_stack=0x7ff64ad3fd30, flags=CLONE_VM|CLONE_FS|CLONE_FILES|CLONE_SIGHAND|CLONE_THREAD|CLONE_SYSVSEM|CLONE_SETTLS|CLONE_PARENT_SETTID|CLONE_CHILD_CLEARTID, parent_tidptr=0x7ff64ad409d0, tls=0x7ff64ad40700, child_tidptr=0x7ff64ad409d0) = 1661
eventfd2(0, EFD_CLOEXEC)                = 6
fcntl(6, F_GETFL)                       = 0x2 (flags O_RDWR)
fcntl(6, F_SETFL, O_RDWR|O_NONBLOCK)    = 0
fcntl(6, F_GETFL)                       = 0x802 (flags O_RDWR|O_NONBLOCK)
fcntl(6, F_SETFL, O_RDWR|O_NONBLOCK)    = 0
clock_gettime(CLOCK_MONOTONIC, {tv_sec=4070, tv_nsec=711820300}) = 0
epoll_create1(EPOLL_CLOEXEC)            = 7
epoll_ctl(7, EPOLL_CTL_ADD, 6, {0, {u32=3614634768, u64=140736808022800}}) = 0
epoll_ctl(7, EPOLL_CTL_MOD, 6, {EPOLLIN, {u32=3614634768, u64=140736808022800}}) = 0
mmap(NULL, 8392704, PROT_NONE, MAP_PRIVATE|MAP_ANONYMOUS|MAP_STACK, -1, 0) = 0x7ff649d30000
mprotect(0x7ff649d31000, 8388608, PROT_READ|PROT_WRITE) = 0
clone(child_stack=0x7ff64a52fd30, flags=CLONE_VM|CLONE_FS|CLONE_FILES|CLONE_SIGHAND|CLONE_THREAD|CLONE_SYSVSEM|CLONE_SETTLS|CLONE_PARENT_SETTID|CLONE_CHILD_CLEARTID, parent_tidptr=0x7ff64a5309d0, tls=0x7ff64a530700, child_tidptr=0x7ff64a5309d0) = 1662
clock_gettime(CLOCK_MONOTONIC, {tv_sec=4070, tv_nsec=713137000}) = 0
eventfd2(0, EFD_CLOEXEC)                = 8
fcntl(8, F_GETFL)                       = 0x2 (flags O_RDWR)
fcntl(8, F_SETFL, O_RDWR|O_NONBLOCK)    = 0
fcntl(8, F_GETFL)                       = 0x802 (flags O_RDWR|O_NONBLOCK)
fcntl(8, F_SETFL, O_RDWR|O_NONBLOCK)    = 0
poll([{fd=8, events=POLLIN}], 1, 0)     = 0 (Timeout)
socket(AF_NETLINK, SOCK_RAW|SOCK_CLOEXEC, NETLINK_ROUTE) = 9
bind(9, {sa_family=AF_NETLINK, nl_pid=0, nl_groups=00000000}, 12) = 0
getsockname(9, {sa_family=AF_NETLINK, nl_pid=1631, nl_groups=00000000}, [12]) = 0
clock_gettime(CLOCK_REALTIME_COARSE, {tv_sec=1613748297, tv_nsec=567423300}) = 0
sendto(9, "\24\0\0\0\22\0\1\3I\330/`\0\0\0\0\0\0\0\0", 20, 0, {sa_family=AF_NETLINK, nl_pid=0, nl_groups=00000000}, 12) = 20
recvmsg(9, {msg_name={sa_family=AF_NETLINK, nl_pid=0, nl_groups=00000000}, msg_namelen=12, msg_iov=[{iov_base={{len=80, type=0x10 /* NLMSG_??? */, flags=NLM_F_MULTI, seq=1613748297, pid=1631}, "\x00\x00\x01\x00\x0f\x00\x00\x00\x43\x10\x00\x00\x00\x00\x00\x00\x0a\x00\x01\x00\x14\xdd\xa9\x53\xd8\x2b\x00\x00\x08\x00\x1b\x00"...}, iov_len=4096}], msg_iovlen=1, msg_controllen=0, msg_flags=0}, 0) = 80
recvmsg(9, {msg_name={sa_family=AF_NETLINK, nl_pid=0, nl_groups=00000000}, msg_namelen=12, msg_iov=[{iov_base={{len=80, type=0x10 /* NLMSG_??? */, flags=NLM_F_MULTI, seq=1613748297, pid=1631}, "\x00\x00\x01\x00\x0b\x00\x00\x00\x43\x10\x00\x00\x00\x00\x00\x00\x0a\x00\x01\x00\x0a\x00\x27\x00\x00\x0b\x00\x00\x08\x00\x1b\x00"...}, iov_len=4096}], msg_iovlen=1, msg_controllen=0, msg_flags=0}, 0) = 80
recvmsg(9, {msg_name={sa_family=AF_NETLINK, nl_pid=0, nl_groups=00000000}, msg_namelen=12, msg_iov=[{iov_base={{len=76, type=0x10 /* NLMSG_??? */, flags=NLM_F_MULTI, seq=1613748297, pid=1631}, "\x00\x00\x04\x03\x01\x00\x00\x00\x49\x00\x00\x00\x00\x00\x00\x00\x0a\x00\x01\x00\x00\x00\x00\x00\x00\x00\x00\x00\x08\x00\x1b\x00"...}, iov_len=4096}], msg_iovlen=1, msg_controllen=0, msg_flags=0}, 0) = 76
recvmsg(9, {msg_name={sa_family=AF_NETLINK, nl_pid=0, nl_groups=00000000}, msg_namelen=12, msg_iov=[{iov_base={{len=20, type=NLMSG_DONE, flags=NLM_F_MULTI, seq=1613748297, pid=1631}, 0}, iov_len=4096}], msg_iovlen=1, msg_controllen=0, msg_flags=0}, 0) = 20
sendto(9, "\24\0\0\0\26\0\1\3J\330/`\0\0\0\0\0\0\0\0", 20, 0, {sa_family=AF_NETLINK, nl_pid=0, nl_groups=00000000}, 12) = 20
recvmsg(9, {msg_name={sa_family=AF_NETLINK, nl_pid=0, nl_groups=00000000}, msg_namelen=12, msg_iov=[{iov_base={{len=60, type=0x14 /* NLMSG_??? */, flags=NLM_F_MULTI, seq=1613748298, pid=1631}, "\x02\x18\x00\x00\x0f\x00\x00\x00\x08\x00\x01\x00\xc0\xa8\x01\x45\x08\x00\x04\x00\xc0\xa8\x01\xff\x14\x00\x06\x00\x66\x51\x01\x00"...}, iov_len=4096}], msg_iovlen=1, msg_controllen=0, msg_flags=0}, 0) = 60
recvmsg(9, {msg_name={sa_family=AF_NETLINK, nl_pid=0, nl_groups=00000000}, msg_namelen=12, msg_iov=[{iov_base={{len=64, type=0x14 /* NLMSG_??? */, flags=NLM_F_MULTI, seq=1613748298, pid=1631}, "\x0a\x80\x00\x00\x0f\x00\x00\x00\x14\x00\x01\x00\x2a\x00\x13\x70\x81\x27\x5d\x0c\x74\x64\xab\x88\x33\x37\x9b\xa0\x14\x00\x06\x00"...}, iov_len=4096}], msg_iovlen=1, msg_controllen=0, msg_flags=0}, 0) = 64
recvmsg(9, {msg_name={sa_family=AF_NETLINK, nl_pid=0, nl_groups=00000000}, msg_namelen=12, msg_iov=[{iov_base={{len=64, type=0x14 /* NLMSG_??? */, flags=NLM_F_MULTI, seq=1613748298, pid=1631}, "\x0a\x40\x00\xfd\x0f\x00\x00\x00\x14\x00\x01\x00\xfe\x80\x00\x00\x00\x00\x00\x00\x55\x6b\x52\x8e\x1f\xe3\xc4\x92\x14\x00\x06\x00"...}, iov_len=4096}], msg_iovlen=1, msg_controllen=0, msg_flags=0}, 0) = 64
recvmsg(9, {msg_name={sa_family=AF_NETLINK, nl_pid=0, nl_groups=00000000}, msg_namelen=12, msg_iov=[{iov_base={{len=60, type=0x14 /* NLMSG_??? */, flags=NLM_F_MULTI, seq=1613748298, pid=1631}, "\x02\x18\x00\x00\x0b\x00\x00\x00\x08\x00\x01\x00\xc0\xa8\x38\x01\x08\x00\x04\x00\xc0\xa8\x38\xff\x14\x00\x06\x00\xff\xff\xff\xff"...}, iov_len=4096}], msg_iovlen=1, msg_controllen=0, msg_flags=0}, 0) = 60
recvmsg(9, {msg_name={sa_family=AF_NETLINK, nl_pid=0, nl_groups=00000000}, msg_namelen=12, msg_iov=[{iov_base={{len=64, type=0x14 /* NLMSG_??? */, flags=NLM_F_MULTI, seq=1613748298, pid=1631}, "\x0a\x40\x00\xfd\x0b\x00\x00\x00\x14\x00\x01\x00\xfe\x80\x00\x00\x00\x00\x00\x00\xd1\xb8\x75\xfc\x90\x1e\x65\xdb\x14\x00\x06\x00"...}, iov_len=4096}], msg_iovlen=1, msg_controllen=0, msg_flags=0}, 0) = 64
recvmsg(9, {msg_name={sa_family=AF_NETLINK, nl_pid=0, nl_groups=00000000}, msg_namelen=12, msg_iov=[{iov_base={{len=60, type=0x14 /* NLMSG_??? */, flags=NLM_F_MULTI, seq=1613748298, pid=1631}, "\x02\x08\x00\x00\x01\x00\x00\x00\x08\x00\x01\x00\x7f\x00\x00\x01\x08\x00\x04\x00\x7f\xff\xff\xff\x14\x00\x06\x00\xff\xff\xff\xff"...}, iov_len=4096}], msg_iovlen=1, msg_controllen=0, msg_flags=0}, 0) = 60
recvmsg(9, {msg_name={sa_family=AF_NETLINK, nl_pid=0, nl_groups=00000000}, msg_namelen=12, msg_iov=[{iov_base={{len=64, type=0x14 /* NLMSG_??? */, flags=NLM_F_MULTI, seq=1613748298, pid=1631}, "\x0a\x80\x00\xfe\x01\x00\x00\x00\x14\x00\x01\x00\x00\x00\x00\x00\x00\x00\x00\x00\x00\x00\x00\x00\x00\x00\x00\x01\x14\x00\x06\x00"...}, iov_len=4096}], msg_iovlen=1, msg_controllen=0, msg_flags=0}, 0) = 64
recvmsg(9, {msg_name={sa_family=AF_NETLINK, nl_pid=0, nl_groups=00000000}, msg_namelen=12, msg_iov=[{iov_base={{len=20, type=NLMSG_DONE, flags=NLM_F_MULTI, seq=1613748298, pid=1631}, 0}, iov_len=4096}], msg_iovlen=1, msg_controllen=0, msg_flags=0}, 0) = 20
close(9)                                = 0
socket(AF_INET, SOCK_STREAM|SOCK_CLOEXEC, IPPROTO_TCP) = 9
setsockopt(9, SOL_SOCKET, SO_REUSEADDR, [1], 4) = 0
bind(9, {sa_family=AF_INET, sin_port=htons(4045), sin_addr=inet_addr("127.0.0.1")}, 16) = 0
listen(9, 100)                          = 0
getsockname(9, {sa_family=AF_INET, sin_port=htons(4045), sin_addr=inet_addr("127.0.0.1")}, [128->16]) = 0
getsockname(9, {sa_family=AF_INET, sin_port=htons(4045), sin_addr=inet_addr("127.0.0.1")}, [128->16]) = 0
write(6, "\1\0\0\0\0\0\0\0", 8)         = 8
write(8, "\1\0\0\0\0\0\0\0", 8)         = 8
poll([{fd=8, events=POLLIN}], 1, 0)     = 1 ([{fd=8, revents=POLLIN}])
read(8, "\1\0\0\0\0\0\0\0", 8)          = 8
poll([{fd=8, events=POLLIN}], 1, 0)     = 0 (Timeout)
clock_gettime(CLOCK_MONOTONIC, {tv_sec=4070, tv_nsec=733077100}) = 0
poll([{fd=8, events=POLLIN}], 1, 5000)  = 1 ([{fd=8, revents=POLLIN}])
read(8, "\1\0\0\0\0\0\0\0", 8)          = 8
poll([{fd=8, events=POLLIN}], 1, 0)     = 0 (Timeout)
write(6, "\1\0\0\0\0\0\0\0", 8)         = 8
poll([{fd=8, events=POLLIN}], 1, -1)    = 1 ([{fd=8, revents=POLLIN}])
read(8, "\1\0\0\0\0\0\0\0", 8)          = 8
poll([{fd=8, events=POLLIN}], 1, 0)     = 0 (Timeout)
write(6, "\1\0\0\0\0\0\0\0", 8)         = 8
fstat(1, {st_mode=S_IFCHR|0620, st_rdev=makedev(0x88, 0), ...}) = 0
write(1, "OK: 1660\n", 9)               = 9
read(0, "exit\n", 1024)                 = 5
poll([{fd=8, events=POLLIN}], 1, 0)     = 0 (Timeout)
write(6, "\1\0\0\0\0\0\0\0", 8)         = 8
poll([{fd=8, events=POLLIN}], 1, -1)    = 1 ([{fd=8, revents=POLLIN}])
read(8, "\1\0\0\0\0\0\0\0", 8)          = 8
poll([{fd=8, events=POLLIN}], 1, 0)     = 0 (Timeout)
poll([{fd=8, events=POLLIN}], 1, 0)     = ? ERESTART_RESTARTBLOCK (Interrupted by signal)
--- SIGCHLD {si_signo=SIGCHLD, si_code=CLD_EXITED, si_pid=1660, si_uid=0, si_status=0, si_utime=0, si_stime=0} ---
restart_syscall(<... resuming interrupted poll ...>) = 0
write(6, "\1\0\0\0\0\0\0\0", 8)         = 8
lseek(0, -1, SEEK_CUR)                  = -1 ESPIPE (Illegal seek)
exit_group(0)                           = ?
+++ exited with 0 +++
